<?xml version="1.0" encoding="UTF-8"?>
<!-- Generated by org.testng.reporters.JUnitXMLReporter -->
<testsuite ignored="0" hostname="LAPTOP-JSP5LVS3" failures="1" tests="2" name="SMTest" time="41.088" errors="0" timestamp="2023-07-22T01:25:40 IST">
  <testcase classname="testCases.TC004_SearchByConsultant" name="verifySearchWithValidConsultant" time="7.744"/>
  <testcase classname="testCases.TC_005_SearchBySkill" name="verifySearchWithValidSkill" time="8.714">
    <failure type="java.lang.AssertionError" message="expected [Business Analyst] but found [Lead .Net Developer]">
      <![CDATA[java.lang.AssertionError: expected [Business Analyst] but found [Lead .Net Developer]
at testCases.TC_005_SearchBySkill.verifySearchWithValidSkill(TC_005_SearchBySkill.java:30)
at java.base/java.util.ArrayList.forEach(ArrayList.java:1541)
... Removed 37 stack frames]]>
    </failure>
  </testcase> <!-- verifySearchWithValidSkill -->
</testsuite> <!-- SMTest -->
