<?xml version="1.0" encoding="UTF-8"?>
<!-- Generated by org.testng.reporters.JUnitXMLReporter -->
<testsuite ignored="0" hostname="LAPTOP-JSP5LVS3" failures="0" tests="2" name="edgetests" time="31.004" errors="0" timestamp="2023-07-19T01:08:06 IST">
  <testcase classname="testCases.TC_002_UserLoginWithInvalidCredentials" name="loginWithInvalidCredentials" time="2.734"/>
  <testcase classname="testCases.TC_001_UserLoginWithValidCredentials" name="loginWithValidCredentials" time="4.832"/>
</testsuite> <!-- edgetests -->
