<?xml version="1.0" encoding="UTF-8"?>
<testng-results ignored="0" total="1" passed="1" failed="0" skipped="0">
  <reporter-output>
  </reporter-output>
  <suite started-at="2023-08-10T03:11:26 IST" name="SMSuite" finished-at="2023-08-10T03:11:55 IST" duration-ms="28620">
    <groups>
    </groups>
    <test started-at="2023-08-10T03:11:26 IST" name="SMTest" finished-at="2023-08-10T03:11:55 IST" duration-ms="28620">
      <class name="testCases.TC_008_UpdateStatus">
        <test-method is-config="true" signature="setup(java.lang.String)[pri:0, instance:testCases.TC_008_UpdateStatus@5677323c]" started-at="2023-08-10T03:11:27 IST" name="setup" finished-at="2023-08-10T03:11:39 IST" duration-ms="12784" status="PASS">
          <params>
            <param index="0">
              <value>
                <![CDATA[chrome]]>
              </value>
            </param>
          </params>
          <reporter-output>
          </reporter-output>
        </test-method> <!-- setup -->
        <test-method signature="VerifyStatusUpdate()[pri:0, instance:testCases.TC_008_UpdateStatus@5677323c]" started-at="2023-08-10T03:11:39 IST" name="VerifyStatusUpdate" finished-at="2023-08-10T03:11:54 IST" duration-ms="14362" status="PASS">
          <reporter-output>
          </reporter-output>
        </test-method> <!-- VerifyStatusUpdate -->
        <test-method is-config="true" signature="teardown()[pri:0, instance:testCases.TC_008_UpdateStatus@5677323c]" started-at="2023-08-10T03:11:54 IST" name="teardown" finished-at="2023-08-10T03:11:55 IST" duration-ms="1005" status="PASS">
          <reporter-output>
          </reporter-output>
        </test-method> <!-- teardown -->
      </class> <!-- testCases.TC_008_UpdateStatus -->
    </test> <!-- SMTest -->
  </suite> <!-- SMSuite -->
</testng-results>
