<?xml version="1.0" encoding="UTF-8"?>
<testng-results ignored="2" total="4" passed="1" failed="1" skipped="0">
  <reporter-output>
  </reporter-output>
  <suite started-at="2023-07-22T00:58:39 IST" name="SMSuite" finished-at="2023-07-22T00:59:11 IST" duration-ms="32794">
    <groups>
      <group name="Master">
        <method signature="TC004_SearchByConsultant.verifySearchWithValidConsultant()[pri:0, instance:testCases.TC004_SearchByConsultant@3c77d488]" name="verifySearchWithValidConsultant" class="testCases.TC004_SearchByConsultant"/>
        <method signature="TC_001_UserLoginWithValidCredentials.loginWithValidCredentials()[pri:1, instance:testCases.TC_001_UserLoginWithValidCredentials@1c7696c6]" name="loginWithValidCredentials" class="testCases.TC_001_UserLoginWithValidCredentials"/>
      </group> <!-- Master -->
      <group name="Sanity">
        <method signature="TC_001_UserLoginWithValidCredentials.loginWithValidCredentials()[pri:1, instance:testCases.TC_001_UserLoginWithValidCredentials@1c7696c6]" name="loginWithValidCredentials" class="testCases.TC_001_UserLoginWithValidCredentials"/>
      </group> <!-- Sanity -->
      <group name="Regression">
        <method signature="TC004_SearchByConsultant.verifySearchWithValidConsultant()[pri:0, instance:testCases.TC004_SearchByConsultant@3c77d488]" name="verifySearchWithValidConsultant" class="testCases.TC004_SearchByConsultant"/>
      </group> <!-- Regression -->
    </groups>
    <test started-at="2023-07-22T00:58:39 IST" name="SMTest" finished-at="2023-07-22T00:59:11 IST" duration-ms="32794">
      <class name="testCases.TC_001_UserLoginWithValidCredentials">
        <test-method is-config="true" signature="setup(java.lang.String)[pri:0, instance:testCases.TC_001_UserLoginWithValidCredentials@1c7696c6]" started-at="2023-07-22T00:58:39 IST" name="setup" finished-at="2023-07-22T00:58:49 IST" duration-ms="9750" status="PASS">
          <params>
            <param index="0">
              <value>
                <![CDATA[chrome]]>
              </value>
            </param>
          </params>
          <reporter-output>
          </reporter-output>
        </test-method> <!-- setup -->
        <test-method signature="loginWithValidCredentials()[pri:1, instance:testCases.TC_001_UserLoginWithValidCredentials@1c7696c6]" started-at="2023-07-22T00:58:49 IST" name="loginWithValidCredentials" finished-at="2023-07-22T00:58:55 IST" duration-ms="6374" status="PASS">
          <reporter-output>
          </reporter-output>
        </test-method> <!-- loginWithValidCredentials -->
        <test-method is-config="true" signature="teardown()[pri:0, instance:testCases.TC_001_UserLoginWithValidCredentials@1c7696c6]" started-at="2023-07-22T00:58:55 IST" name="teardown" finished-at="2023-07-22T00:58:56 IST" duration-ms="798" status="PASS">
          <reporter-output>
          </reporter-output>
        </test-method> <!-- teardown -->
      </class> <!-- testCases.TC_001_UserLoginWithValidCredentials -->
      <class name="testCases.TC004_SearchByConsultant">
        <test-method is-config="true" signature="setup(java.lang.String)[pri:0, instance:testCases.TC004_SearchByConsultant@3c77d488]" started-at="2023-07-22T00:58:56 IST" name="setup" finished-at="2023-07-22T00:59:04 IST" duration-ms="8606" status="PASS">
          <params>
            <param index="0">
              <value>
                <![CDATA[chrome]]>
              </value>
            </param>
          </params>
          <reporter-output>
          </reporter-output>
        </test-method> <!-- setup -->
        <test-method signature="verifySearchWithValidConsultant()[pri:0, instance:testCases.TC004_SearchByConsultant@3c77d488]" started-at="2023-07-22T00:59:04 IST" name="verifySearchWithValidConsultant" finished-at="2023-07-22T00:59:10 IST" duration-ms="5819" status="FAIL">
          <exception class="org.openqa.selenium.StaleElementReferenceException">
            <message>
              <![CDATA[stale element reference: stale element not found
  (Session info: chrome=114.0.5735.199)
For documentation on this error, please visit: https://www.selenium.dev/documentation/webdriver/troubleshooting/errors#stale-element-reference-exception
Build info: version: '4.10.0', revision: 'c14d967899'
System info: os.name: 'Windows 10', os.arch: 'amd64', os.version: '10.0', java.version: '15.0.2'
Driver info: org.openqa.selenium.chrome.ChromeDriver
Command: [bcee3679f55280df439e8d3136f7ab47, getElementText {id=43D8B795A35C942D08D808B8068F79C4_element_46}]
Capabilities {acceptInsecureCerts: false, browserName: chrome, browserVersion: 114.0.5735.199, chrome: {chromedriverVersion: 114.0.5735.90 (386bc09e8f4f..., userDataDir: C:\Users\naresh\AppData\Loc...}, goog:chromeOptions: {debuggerAddress: localhost:64478}, networkConnectionEnabled: false, pageLoadStrategy: normal, platformName: windows, proxy: Proxy(), se:cdp: ws://localhost:64478/devtoo..., se:cdpVersion: 114.0.5735.199, setWindowRect: true, strictFileInteractability: false, timeouts: {implicit: 0, pageLoad: 300000, script: 30000}, unhandledPromptBehavior: dismiss and notify, webauthn:extension:credBlob: true, webauthn:extension:largeBlob: true, webauthn:extension:minPinLength: true, webauthn:extension:prf: true, webauthn:virtualAuthenticators: true}
Element: [[ChromeDriver: chrome on windows (bcee3679f55280df439e8d3136f7ab47)] -> xpath: (//tbody[@class='p-element p-datatable-tbody']//td[@title='Hasini Amara']//span)[1]]
Session ID: bcee3679f55280df439e8d3136f7ab47]]>
            </message>
            <full-stacktrace>
              <![CDATA[org.openqa.selenium.StaleElementReferenceException: stale element reference: stale element not found
  (Session info: chrome=114.0.5735.199)
For documentation on this error, please visit: https://www.selenium.dev/documentation/webdriver/troubleshooting/errors#stale-element-reference-exception
Build info: version: '4.10.0', revision: 'c14d967899'
System info: os.name: 'Windows 10', os.arch: 'amd64', os.version: '10.0', java.version: '15.0.2'
Driver info: org.openqa.selenium.chrome.ChromeDriver
Command: [bcee3679f55280df439e8d3136f7ab47, getElementText {id=43D8B795A35C942D08D808B8068F79C4_element_46}]
Capabilities {acceptInsecureCerts: false, browserName: chrome, browserVersion: 114.0.5735.199, chrome: {chromedriverVersion: 114.0.5735.90 (386bc09e8f4f..., userDataDir: C:\Users\naresh\AppData\Loc...}, goog:chromeOptions: {debuggerAddress: localhost:64478}, networkConnectionEnabled: false, pageLoadStrategy: normal, platformName: windows, proxy: Proxy(), se:cdp: ws://localhost:64478/devtoo..., se:cdpVersion: 114.0.5735.199, setWindowRect: true, strictFileInteractability: false, timeouts: {implicit: 0, pageLoad: 300000, script: 30000}, unhandledPromptBehavior: dismiss and notify, webauthn:extension:credBlob: true, webauthn:extension:largeBlob: true, webauthn:extension:minPinLength: true, webauthn:extension:prf: true, webauthn:virtualAuthenticators: true}
Element: [[ChromeDriver: chrome on windows (bcee3679f55280df439e8d3136f7ab47)] -> xpath: (//tbody[@class='p-element p-datatable-tbody']//td[@title='Hasini Amara']//span)[1]]
Session ID: bcee3679f55280df439e8d3136f7ab47
at java.base/jdk.internal.reflect.NativeConstructorAccessorImpl.newInstance0(Native Method)
at java.base/jdk.internal.reflect.NativeConstructorAccessorImpl.newInstance(NativeConstructorAccessorImpl.java:64)
at java.base/jdk.internal.reflect.DelegatingConstructorAccessorImpl.newInstance(DelegatingConstructorAccessorImpl.java:45)
at java.base/java.lang.reflect.Constructor.newInstanceWithCaller(Constructor.java:500)
at java.base/java.lang.reflect.Constructor.newInstance(Constructor.java:481)
at org.openqa.selenium.remote.codec.w3c.W3CHttpResponseCodec.createException(W3CHttpResponseCodec.java:199)
at org.openqa.selenium.remote.codec.w3c.W3CHttpResponseCodec.decode(W3CHttpResponseCodec.java:132)
at org.openqa.selenium.remote.codec.w3c.W3CHttpResponseCodec.decode(W3CHttpResponseCodec.java:51)
at org.openqa.selenium.remote.HttpCommandExecutor.execute(HttpCommandExecutor.java:191)
at org.openqa.selenium.remote.service.DriverCommandExecutor.invokeExecute(DriverCommandExecutor.java:196)
at org.openqa.selenium.remote.service.DriverCommandExecutor.execute(DriverCommandExecutor.java:171)
at org.openqa.selenium.remote.RemoteWebDriver.execute(RemoteWebDriver.java:531)
at org.openqa.selenium.remote.RemoteWebElement.execute(RemoteWebElement.java:242)
at org.openqa.selenium.remote.RemoteWebElement.getText(RemoteWebElement.java:192)
at java.base/jdk.internal.reflect.NativeMethodAccessorImpl.invoke0(Native Method)
at java.base/jdk.internal.reflect.NativeMethodAccessorImpl.invoke(NativeMethodAccessorImpl.java:64)
at java.base/jdk.internal.reflect.DelegatingMethodAccessorImpl.invoke(DelegatingMethodAccessorImpl.java:43)
at java.base/java.lang.reflect.Method.invoke(Method.java:564)
at org.openqa.selenium.support.pagefactory.internal.LocatingElementHandler.invoke(LocatingElementHandler.java:51)
at com.sun.proxy.$Proxy50.getText(Unknown Source)
at pageObjects.ConsultantsPage.retrieveConsultantSearchResult(ConsultantsPage.java:41)
at testCases.TC004_SearchByConsultant.verifySearchWithValidConsultant(TC004_SearchByConsultant.java:28)
at java.base/jdk.internal.reflect.NativeMethodAccessorImpl.invoke0(Native Method)
at java.base/jdk.internal.reflect.NativeMethodAccessorImpl.invoke(NativeMethodAccessorImpl.java:64)
at java.base/jdk.internal.reflect.DelegatingMethodAccessorImpl.invoke(DelegatingMethodAccessorImpl.java:43)
at java.base/java.lang.reflect.Method.invoke(Method.java:564)
at org.testng.internal.MethodInvocationHelper.invokeMethod(MethodInvocationHelper.java:133)
at org.testng.internal.TestInvoker.invokeMethod(TestInvoker.java:598)
at org.testng.internal.TestInvoker.invokeTestMethod(TestInvoker.java:173)
at org.testng.internal.MethodRunner.runInSequence(MethodRunner.java:46)
at org.testng.internal.TestInvoker$MethodInvocationAgent.invoke(TestInvoker.java:824)
at org.testng.internal.TestInvoker.invokeTestMethods(TestInvoker.java:146)
at org.testng.internal.TestMethodWorker.invokeTestMethods(TestMethodWorker.java:146)
at org.testng.internal.TestMethodWorker.run(TestMethodWorker.java:128)
at java.base/java.util.ArrayList.forEach(ArrayList.java:1511)
at org.testng.TestRunner.privateRun(TestRunner.java:794)
at org.testng.TestRunner.run(TestRunner.java:596)
at org.testng.SuiteRunner.runTest(SuiteRunner.java:377)
at org.testng.SuiteRunner.runSequentially(SuiteRunner.java:371)
at org.testng.SuiteRunner.privateRun(SuiteRunner.java:332)
at org.testng.SuiteRunner.run(SuiteRunner.java:276)
at org.testng.SuiteRunnerWorker.runSuite(SuiteRunnerWorker.java:53)
at org.testng.SuiteRunnerWorker.run(SuiteRunnerWorker.java:96)
at org.testng.TestNG.runSuitesSequentially(TestNG.java:1212)
at org.testng.TestNG.runSuitesLocally(TestNG.java:1134)
at org.testng.TestNG.runSuites(TestNG.java:1063)
at org.testng.TestNG.run(TestNG.java:1031)
at org.testng.remote.AbstractRemoteTestNG.run(AbstractRemoteTestNG.java:115)
at org.testng.remote.RemoteTestNG.initAndRun(RemoteTestNG.java:251)
at org.testng.remote.RemoteTestNG.main(RemoteTestNG.java:77)
]]>
            </full-stacktrace>
          </exception> <!-- org.openqa.selenium.StaleElementReferenceException -->
          <reporter-output>
          </reporter-output>
        </test-method> <!-- verifySearchWithValidConsultant -->
        <test-method is-config="true" signature="teardown()[pri:0, instance:testCases.TC004_SearchByConsultant@3c77d488]" started-at="2023-07-22T00:59:11 IST" name="teardown" finished-at="2023-07-22T00:59:11 IST" duration-ms="766" status="PASS">
          <reporter-output>
          </reporter-output>
        </test-method> <!-- teardown -->
      </class> <!-- testCases.TC004_SearchByConsultant -->
    </test> <!-- SMTest -->
  </suite> <!-- SMSuite -->
</testng-results>
