<?xml version="1.0" encoding="UTF-8"?>
<!-- Generated by org.testng.reporters.JUnitReportReporter -->
<testsuite hostname="LAPTOP-JSP5LVS3" failures="0" tests="1" name="testCases.LoginTestCases.TC_001_UserLoginWithValidCredentials" time="4.826" errors="0" timestamp="2023-07-15T03:06:46 IST" skipped="0">
  <testcase classname="testCases.LoginTestCases.TC_001_UserLoginWithValidCredentials" name="loginWithValidCredentials" time="4.826"/>
  <system-out/>
</testsuite> <!-- testCases.LoginTestCases.TC_001_UserLoginWithValidCredentials -->
